Unity Editor version:    2022.3.7f1 (b16b3b16c7a0)
Branch:                  2022.3/staging
Build type:              Release
Batch mode:              YES
macOS version:           Version 12.5 (Build 21G72)
Darwin version:          21.6.0
Architecture:            arm64
Running under Rosetta:   NO
Available memory:        16384 MB
Using pre-set license
Pro License: YES

COMMAND LINE ARGUMENTS:
/Applications/Unity/Hub/Editor/2022.3.7f1/Unity.app/Contents/MacOS/Unity
-adb2
-batchMode
-noUpm
-name
AssetImportWorker1
-projectPath
/Users/angela/Documents/GitHub/SUITS-23-24-HMD/CUITS-HMD
-logFile
Logs/AssetImportWorker1.log
-srvPort
64615
Successfully changed project path to: /Users/angela/Documents/GitHub/SUITS-23-24-HMD/CUITS-HMD
/Users/angela/Documents/GitHub/SUITS-23-24-HMD/CUITS-HMD
[UnityMemory] Configuration Parameters - Can be set up in boot.config
    "memorysetup-bucket-allocator-granularity=16"
    "memorysetup-bucket-allocator-bucket-count=8"
    "memorysetup-bucket-allocator-block-size=33554432"
    "memorysetup-bucket-allocator-block-count=8"
    "memorysetup-main-allocator-block-size=16777216"
    "memorysetup-thread-allocator-block-size=16777216"
    "memorysetup-gfx-main-allocator-block-size=16777216"
    "memorysetup-gfx-thread-allocator-block-size=16777216"
    "memorysetup-cache-allocator-block-size=4194304"
    "memorysetup-typetree-allocator-block-size=2097152"
    "memorysetup-profiler-bucket-allocator-granularity=16"
    "memorysetup-profiler-bucket-allocator-bucket-count=8"
    "memorysetup-profiler-bucket-allocator-block-size=33554432"
    "memorysetup-profiler-bucket-allocator-block-count=8"
    "memorysetup-profiler-allocator-block-size=16777216"
    "memorysetup-profiler-editor-allocator-block-size=1048576"
    "memorysetup-temp-allocator-size-main=16777216"
    "memorysetup-job-temp-allocator-block-size=2097152"
    "memorysetup-job-temp-allocator-block-size-background=1048576"
    "memorysetup-job-temp-allocator-reduction-small-platforms=262144"
    "memorysetup-allocator-temp-initial-block-size-main=262144"
    "memorysetup-allocator-temp-initial-block-size-worker=262144"
    "memorysetup-temp-allocator-size-background-worker=32768"
    "memorysetup-temp-allocator-size-job-worker=262144"
    "memorysetup-temp-allocator-size-preload-manager=33554432"
    "memorysetup-temp-allocator-size-nav-mesh-worker=65536"
    "memorysetup-temp-allocator-size-audio-worker=65536"
    "memorysetup-temp-allocator-size-cloud-worker=32768"
    "memorysetup-temp-allocator-size-gi-baking-worker=262144"
    "memorysetup-temp-allocator-size-gfx=262144"
Player connection [4447077760] Host "[IP] 172.19.3.85 [Port] 0 [Flags] 2 [Guid] 2275811241 [EditorId] 2275811241 [Version] 1048832 [Id] OSXEditor(0,MacBook-Pro-290.local) [Debug] 1 [PackageName] OSXEditor [ProjectName] Editor" joined multi-casting on [225.0.0.222:54997]...

Player connection [4447077760] Host "[IP] 172.19.3.85 [Port] 0 [Flags] 2 [Guid] 2275811241 [EditorId] 2275811241 [Version] 1048832 [Id] OSXEditor(0,MacBook-Pro-290.local) [Debug] 1 [PackageName] OSXEditor [ProjectName] Editor" joined alternative multi-casting on [225.0.0.222:34997]...

Refreshing native plugins compatible for Editor in 25.45 ms, found 9 plugins.
Preloading 0 native plugins for Editor in 0.00 ms.
Initialize engine version: 2022.3.7f1 (b16b3b16c7a0)
[Subsystems] Discovering subsystems at path /Applications/Unity/Hub/Editor/2022.3.7f1/Unity.app/Contents/Resources/UnitySubsystems
[Subsystems] Discovering subsystems at path /Users/angela/Documents/GitHub/SUITS-23-24-HMD/CUITS-HMD/Assets
GfxDevice: creating device client; threaded=0; jobified=0
 preferred device: Apple M1 Pro (high power)
Metal devices available: 1
0: Apple M1 Pro (high power)
Using device Apple M1 Pro (high power)
Initializing Metal device caps: Apple M1 Pro
Initialize mono
Mono path[0] = '/Applications/Unity/Hub/Editor/2022.3.7f1/Unity.app/Contents/Managed'
Mono path[1] = '/Applications/Unity/Hub/Editor/2022.3.7f1/Unity.app/Contents/MonoBleedingEdge/lib/mono/unityjit-macos'
Mono config path = '/Applications/Unity/Hub/Editor/2022.3.7f1/Unity.app/Contents/MonoBleedingEdge/etc'
Using monoOptions --debugger-agent=transport=dt_socket,embedding=1,server=y,suspend=n,address=127.0.0.1:56613
Begin MonoManager ReloadAssembly
Registering precompiled unity dll's ...
Register platform support module: /Applications/Unity/Hub/Editor/2022.3.7f1/Unity.app/Contents/PlaybackEngines/MacStandaloneSupport/UnityEditor.OSXStandalone.Extensions.dll
Registered in 0.003020 seconds.
- Loaded All Assemblies, in  0.251 seconds
Native extension for OSXStandalone target not found
Mono: successfully reloaded assembly
- Finished resetting the current domain, in  0.162 seconds
Domain Reload Profiling: 414ms
	BeginReloadAssembly (82ms)
		ExecutionOrderSort (0ms)
		DisableScriptedObjects (0ms)
		BackupInstance (0ms)
		ReleaseScriptingObjects (0ms)
		CreateAndSetChildDomain (0ms)
	RebuildCommonClasses (25ms)
	RebuildNativeTypeToScriptingClass (8ms)
	initialDomainReloadingComplete (34ms)
	LoadAllAssembliesAndSetupDomain (101ms)
		LoadAssemblies (82ms)
		RebuildTransferFunctionScriptingTraits (0ms)
		AnalyzeDomain (99ms)
			TypeCache.Refresh (98ms)
				TypeCache.ScanAssembly (88ms)
			ScanForSourceGeneratedMonoScriptInfo (0ms)
			ResolveRequiredComponents (0ms)
	FinalizeReload (162ms)
		ReleaseScriptCaches (0ms)
		RebuildScriptCaches (0ms)
		SetupLoadedEditorAssemblies (121ms)
			LogAssemblyErrors (0ms)
			InitializePlatformSupportModulesInManaged (4ms)
			SetLoadedEditorAssemblies (5ms)
			RefreshPlugins (0ms)
			BeforeProcessingInitializeOnLoad (1ms)
			ProcessInitializeOnLoadAttributes (82ms)
			ProcessInitializeOnLoadMethodAttributes (29ms)
			AfterProcessingInitializeOnLoad (0ms)
			EditorAssembliesLoaded (0ms)
		ExecutionOrderSort2 (0ms)
		AwakeInstancesAfterBackupRestoration (0ms)
========================================================================
Worker process is ready to serve import requests
Begin MonoManager ReloadAssembly
Symbol file LoadedFromMemory doesn't match image /Users/angela/Documents/GitHub/SUITS-23-24-HMD/CUITS-HMD/Library/PackageCache/com.unity.visualscripting@1.8.0/Editor/VisualScripting.Core/Dependencies/YamlDotNet/Unity.VisualScripting.YamlDotNet.dll
Symbol file LoadedFromMemory doesn't match image /Users/angela/Documents/GitHub/SUITS-23-24-HMD/CUITS-HMD/Library/PackageCache/com.unity.visualscripting@1.8.0/Editor/VisualScripting.Core/Dependencies/DotNetZip/Unity.VisualScripting.IonicZip.dll
Symbol file LoadedFromMemory is not a mono symbol file
- Loaded All Assemblies, in  0.611 seconds
Refreshing native plugins compatible for Editor in 4.08 ms, found 9 plugins.
Native extension for OSXStandalone target not found
Package Manager log level set to [2]
[Package Manager] Server::EnsureServerProcessIsRunning -- launch failed, reason: Unity was launched with the -noUpm command-line argument
[Package Manager] UpmClient::Send -- Unable to send message (not connected to UPM process).
[Package Manager] Cannot connect to Unity Package Manager local server
[Package Manager] Server::EnsureServerProcessIsRunning -- launch failed, reason: Unity was launched with the -noUpm command-line argument
[Package Manager] UpmClient::Send -- Unable to send message (not connected to UPM process).
[Package Manager] Cannot connect to Unity Package Manager local server
Fallback handler could not load library /Applications/Unity/Hub/Editor/2022.3.7f1/Unity.app/Contents/Frameworks/MonoBleedingEdge/lib/MicrosoftOpenXRPlugin
Fallback handler could not load library /Applications/Unity/Hub/Editor/2022.3.7f1/Unity.app/Contents/Frameworks/MonoBleedingEdge/lib/libMicrosoftOpenXRPlugin.dylib
Fallback handler could not load library /Applications/Unity/Hub/Editor/2022.3.7f1/Unity.app/Contents/Frameworks/MonoBleedingEdge/lib/libMicrosoftOpenXRPlugin.dylib
Fallback handler could not load library /Applications/Unity/Hub/Editor/2022.3.7f1/Unity.app/Contents/Frameworks/MonoBleedingEdge/lib/libMicrosoftOpenXRPlugin.so
Fallback handler could not load library /Applications/Unity/Hub/Editor/2022.3.7f1/Unity.app/Contents/Frameworks/MonoBleedingEdge/lib/libMicrosoftOpenXRPlugin.bundle
Fallback handler could not load library /Applications/Unity/Hub/Editor/2022.3.7f1/Unity.app/Contents/Frameworks/MonoBleedingEdge/lib/MicrosoftOpenXRPlugin
Fallback handler could not load library /Applications/Unity/Hub/Editor/2022.3.7f1/Unity.app/Contents/Frameworks/MonoBleedingEdge/lib/libMicrosoftOpenXRPlugin
Fallback handler could not load library /Applications/Unity/Hub/Editor/2022.3.7f1/Unity.app/Contents/Frameworks/MonoBleedingEdge/lib/libMicrosoftOpenXRPlugin.dylib
Fallback handler could not load library /Applications/Unity/Hub/Editor/2022.3.7f1/Unity.app/Contents/Frameworks/MonoBleedingEdge/lib/libMicrosoftOpenXRPlugin.dylib
Fallback handler could not load library /Applications/Unity/Hub/Editor/2022.3.7f1/Unity.app/Contents/Frameworks/MonoBleedingEdge/lib/libMicrosoftOpenXRPlugin.so
Fallback handler could not load library /Applications/Unity/Hub/Editor/2022.3.7f1/Unity.app/Contents/Frameworks/MonoBleedingEdge/lib/libMicrosoftOpenXRPlugin.bundle
Fallback handler could not load library /Applications/Unity/Hub/Editor/2022.3.7f1/Unity.app/Contents/Frameworks/MonoBleedingEdge/lib/libMicrosoftOpenXRPlugin
Fallback handler could not load library /Applications/Unity/Hub/Editor/2022.3.7f1/Unity.app/Contents/Frameworks/MonoBleedingEdge/lib/MicrosoftOpenXRPlugin
Fallback handler could not load library /Applications/Unity/Hub/Editor/2022.3.7f1/Unity.app/Contents/Frameworks/MonoBleedingEdge/lib/libMicrosoftOpenXRPlugin.dylib
Fallback handler could not load library /Applications/Unity/Hub/Editor/2022.3.7f1/Unity.app/Contents/Frameworks/MonoBleedingEdge/lib/libMicrosoftOpenXRPlugin.dylib
Fallback handler could not load library /Applications/Unity/Hub/Editor/2022.3.7f1/Unity.app/Contents/Frameworks/MonoBleedingEdge/lib/libMicrosoftOpenXRPlugin.so
Fallback handler could not load library /Applications/Unity/Hub/Editor/2022.3.7f1/Unity.app/Contents/Frameworks/MonoBleedingEdge/lib/libMicrosoftOpenXRPlugin.bundle
Fallback handler could not load library /Applications/Unity/Hub/Editor/2022.3.7f1/Unity.app/Contents/Frameworks/MonoBleedingEdge/lib/MicrosoftOpenXRPlugin
Fallback handler could not load library /Applications/Unity/Hub/Editor/2022.3.7f1/Unity.app/Contents/Frameworks/MonoBleedingEdge/lib/libMicrosoftOpenXRPlugin
Fallback handler could not load library /Applications/Unity/Hub/Editor/2022.3.7f1/Unity.app/Contents/Frameworks/MonoBleedingEdge/lib/libMicrosoftOpenXRPlugin.dylib
Fallback handler could not load library /Applications/Unity/Hub/Editor/2022.3.7f1/Unity.app/Contents/Frameworks/MonoBleedingEdge/lib/libMicrosoftOpenXRPlugin.dylib
Fallback handler could not load library /Applications/Unity/Hub/Editor/2022.3.7f1/Unity.app/Contents/Frameworks/MonoBleedingEdge/lib/libMicrosoftOpenXRPlugin.so
Fallback handler could not load library /Applications/Unity/Hub/Editor/2022.3.7f1/Unity.app/Contents/Frameworks/MonoBleedingEdge/lib/libMicrosoftOpenXRPlugin.bundle
Fallback handler could not load library /Applications/Unity/Hub/Editor/2022.3.7f1/Unity.app/Contents/Frameworks/MonoBleedingEdge/lib/libMicrosoftOpenXRPlugin
DllNotFoundException: MicrosoftOpenXRPlugin assembly:<unknown assembly> type:<unknown type> member:(null)
  at (wrapper managed-to-native) Microsoft.MixedReality.OpenXR.NativeLib.SetPluginEnvironment(Microsoft.MixedReality.OpenXR.PluginEnvironment,string)
  at Microsoft.MixedReality.OpenXR.PluginEnvironmentSubsystem.InitializePlugin () [0x0000d] in ./Library/PackageCache/com.microsoft.mixedreality.openxr@6b31efb96f12/Runtime/Subsystems/PluginEnvironment.cs:35 
  at Microsoft.MixedReality.OpenXR.OpenXRFeaturePlugin.OnEnable () [0x00013] in ./Library/PackageCache/com.microsoft.mixedreality.openxr@6b31efb96f12/Runtime/FeaturePlugins/OpenXRFeaturePlugin.cs:71 
  at Microsoft.MixedReality.OpenXR.OpenXRFeaturePlugin`1[TPlugin].OnEnable () [0x0001d] in ./Library/PackageCache/com.microsoft.mixedreality.openxr@6b31efb96f12/Runtime/FeaturePlugins/OpenXRFeaturePlugin.cs:38 
UnityEditor.EditorBuildSettings:GetConfigObject(String)
UnityEditor.EditorBuildSettings:TryGetConfigObject(String, Object&) (at /Users/bokken/build/output/unity/unity/Editor/Mono/EditorBuildSettings.bindings.cs:110)
UnityEngine.XR.OpenXR.OpenXRSettings:GetPackageSettings() (at ./Library/PackageCache/com.unity.xr.openxr@1.8.2/Runtime/OpenXRSettings.cs:88)
UnityEngine.XR.OpenXR.OpenXRSettings:GetSettingsForBuildTargetGroup(BuildTargetGroup) (at ./Library/PackageCache/com.unity.xr.openxr@1.8.2/Runtime/OpenXRSettings.cs:79)
UnityEngine.XR.OpenXR.Features.OpenXRFeature:GetFullValidationList(List`1, BuildTargetGroup) (at ./Library/PackageCache/com.unity.xr.openxr@1.8.2/Runtime/Features/OpenXRFeature.cs:409)
UnityEditor.XR.OpenXR.OpenXRProjectValidation:GetAllValidationIssues(List`1, BuildTargetGroup) (at ./Library/PackageCache/com.unity.xr.openxr@1.8.2/Runtime/OpenXRProjectValidation.cs:272)
UnityEditor.XR.OpenXR.OpenXRProjectValidationRulesSetup:AddOpenXRValidationRules() (at ./Library/PackageCache/com.unity.xr.openxr@1.8.2/Editor/OpenXRProjectValidationRulesSetup.cs:67)
UnityEditor.XR.OpenXR.OpenXRProjectValidationRulesSetup:OpenXRProjectValidationCheck() (at ./Library/PackageCache/com.unity.xr.openxr@1.8.2/Editor/OpenXRProjectValidationRulesSetup.cs:40)
System.Reflection.RuntimeMethodInfo:InternalInvoke(RuntimeMethodInfo, Object, Object[], Exception&)
System.Reflection.RuntimeMethodInfo:Invoke(Object, BindingFlags, Binder, Object[], CultureInfo)
System.Reflection.MethodBase:Invoke(Object, Object[])
UnityEditor.EditorAssemblies:ProcessInitializeOnLoadMethodAttributes() (at /Users/bokken/build/output/unity/unity/Editor/Mono/EditorAssemblies.cs:145)

(Filename: ./Library/PackageCache/com.microsoft.mixedreality.openxr@6b31efb96f12/Runtime/Subsystems/PluginEnvironment.cs Line: 35)

Mono: successfully reloaded assembly
[Package Manager] Server::EnsureServerProcessIsRunning -- launch failed, reason: Unity was launched with the -noUpm command-line argument
[Package Manager] UpmClient::Send -- Unable to send message (not connected to UPM process).
[Package Manager] Cannot connect to Unity Package Manager local server
[Package Manager] Server::EnsureServerProcessIsRunning -- launch failed, reason: Unity was launched with the -noUpm command-line argument
[Package Manager] UpmClient::Send -- Unable to send message (not connected to UPM process).
[Package Manager] Cannot connect to Unity Package Manager local server
- Finished resetting the current domain, in  0.487 seconds
Domain Reload Profiling: 1099ms
	BeginReloadAssembly (102ms)
		ExecutionOrderSort (0ms)
		DisableScriptedObjects (4ms)
		BackupInstance (0ms)
		ReleaseScriptingObjects (0ms)
		CreateAndSetChildDomain (21ms)
	RebuildCommonClasses (27ms)
	RebuildNativeTypeToScriptingClass (9ms)
	initialDomainReloadingComplete (24ms)
	LoadAllAssembliesAndSetupDomain (450ms)
		LoadAssemblies (312ms)
		RebuildTransferFunctionScriptingTraits (0ms)
		AnalyzeDomain (188ms)
			TypeCache.Refresh (160ms)
				TypeCache.ScanAssembly (141ms)
			ScanForSourceGeneratedMonoScriptInfo (17ms)
			ResolveRequiredComponents (9ms)
	FinalizeReload (488ms)
		ReleaseScriptCaches (0ms)
		RebuildScriptCaches (0ms)
		SetupLoadedEditorAssemblies (353ms)
			LogAssemblyErrors (0ms)
			InitializePlatformSupportModulesInManaged (2ms)
			SetLoadedEditorAssemblies (4ms)
			RefreshPlugins (0ms)
			BeforeProcessingInitializeOnLoad (53ms)
			ProcessInitializeOnLoadAttributes (234ms)
			ProcessInitializeOnLoadMethodAttributes (59ms)
			AfterProcessingInitializeOnLoad (1ms)
			EditorAssembliesLoaded (0ms)
		ExecutionOrderSort2 (0ms)
		AwakeInstancesAfterBackupRestoration (2ms)
Launching external process: /Applications/Unity/Hub/Editor/2022.3.7f1/Unity.app/Contents/Tools/UnityShaderCompiler
Launched and connected shader compiler UnityShaderCompiler after 0.04 seconds
Refreshing native plugins compatible for Editor in 4.10 ms, found 9 plugins.
Preloading 0 native plugins for Editor in 0.00 ms.
Unloading 5484 Unused Serialized files (Serialized files now loaded: 0)
Unloading 105 unused Assets / (1.6 MB). Loaded Objects now: 5985.
Memory consumption went from 332.0 MB to 330.4 MB.
Total: 3.650541 ms (FindLiveObjects: 0.186459 ms CreateObjectMapping: 0.068583 ms MarkObjects: 2.726958 ms  DeleteObjects: 0.668000 ms)

AssetImportParameters requested are different than current active one (requested -> active):
  custom:container-demuxer-ogg: 62fdf1f143b41e24485cea50d1cbac27 -> 
  custom:video-decoder-ogg-theora: a1e56fd34408186e4bbccfd4996cb3dc -> 
  custom:container-demuxer-webm: 4f35f7cbe854078d1ac9338744f61a02 -> 
  custom:container-muxer-webm: aa71ff27fc2769a1b78a27578f13a17b -> 
  custom:video-decoder-webm-vp8: 9c59270c3fd7afecdb556c50c9e8de78 -> 
  custom:AudioImporter_EditorPlatform: 3918e3fc78b5a79bad01e8451be0beb8 -> 
  custom:framework-osx-AVFoundation: e770b220cccbd017edd2c1fefb359320 -> 
  custom:video-encoder-webm-vp8: eb34c28f22e8b96e1ab97ce403110664 -> 
  custom:audio-decoder-ogg-vorbis: bf7c407c2cedff20999df2af8eb42d56 -> 
  custom:audio-encoder-webm-vorbis: bf7c407c2cedff20999df2af8eb42d56 -> 
========================================================================
Received Prepare
Refreshing native plugins compatible for Editor in 4.16 ms, found 9 plugins.
Preloading 0 native plugins for Editor in 0.00 ms.
Unloading 12 Unused Serialized files (Serialized files now loaded: 0)
Unloading 12 unused Assets / (1.6 MB). Loaded Objects now: 5985.
Memory consumption went from 234.3 MB to 232.7 MB.
Total: 4.141750 ms (FindLiveObjects: 0.204500 ms CreateObjectMapping: 0.068792 ms MarkObjects: 3.350541 ms  DeleteObjects: 0.517500 ms)

Prepare: number of updated asset objects reloaded= 0
AssetImportParameters requested are different than current active one (requested -> active):
  custom:container-demuxer-ogg: 62fdf1f143b41e24485cea50d1cbac27 -> 
  custom:video-decoder-ogg-theora: a1e56fd34408186e4bbccfd4996cb3dc -> 
  custom:CustomObjectIndexerAttribute: 756ad292c208cfabdd7b50bc23989ffe -> 
  custom:container-demuxer-webm: 4f35f7cbe854078d1ac9338744f61a02 -> 
  custom:container-muxer-webm: aa71ff27fc2769a1b78a27578f13a17b -> 
  custom:video-decoder-webm-vp8: 9c59270c3fd7afecdb556c50c9e8de78 -> 
  custom:SearchIndexIgnoredProperties: e643bd26f0fe6173181afceb89e7c659 -> 
  custom:AudioImporter_EditorPlatform: 3918e3fc78b5a79bad01e8451be0beb8 -> 
  custom:framework-osx-AVFoundation: e770b220cccbd017edd2c1fefb359320 -> 
  custom:video-encoder-webm-vp8: eb34c28f22e8b96e1ab97ce403110664 -> 
  custom:audio-decoder-ogg-vorbis: bf7c407c2cedff20999df2af8eb42d56 -> 
  custom:audio-encoder-webm-vorbis: bf7c407c2cedff20999df2af8eb42d56 -> 
========================================================================
Received Import Request.
  Time since last request: 2818335.786310 seconds.
  path: Packages/com.microsoft.mrtk.graphicstools.unity/Runtime/Experimental/Acrylic/Materials/AcrylicDualBlur.mat
  artifactKey: Guid(50dc523b24a2cfc409af7babd1bddb04) Importer(815301076,1909f56bfc062723c751e8b465ee728b)
Start importing Packages/com.microsoft.mrtk.graphicstools.unity/Runtime/Experimental/Acrylic/Materials/AcrylicDualBlur.mat using Guid(50dc523b24a2cfc409af7babd1bddb04) Importer(815301076,1909f56bfc062723c751e8b465ee728b)  -> (artifact id: '23bee3bfd33cbb0ce620d97f4d8a72f9') in 0.181285 seconds
Number of updated asset objects reloaded before import = 0
Number of asset objects unloaded after import = 2
========================================================================
Received Import Request.
  Time since last request: 1.039403 seconds.
  path: Packages/org.mixedrealitytoolkit.standardassets/Textures/Icons/Icon_PenDropRight.png
  artifactKey: Guid(05c0eb5f198291c4caa94250d348957b) Importer(815301076,1909f56bfc062723c751e8b465ee728b)
Start importing Packages/org.mixedrealitytoolkit.standardassets/Textures/Icons/Icon_PenDropRight.png using Guid(05c0eb5f198291c4caa94250d348957b) Importer(815301076,1909f56bfc062723c751e8b465ee728b)  -> (artifact id: 'caae81b6426e8d80ca43f23c9194f2e5') in 0.031598 seconds
Number of updated asset objects reloaded before import = 0
Number of asset objects unloaded after import = 3
